INT [2,1]
ID:col1_offset [2,5]
ASSIGN [2,17]
INTLITERAL:16 [2,19]
SEMICOL [2,21]
INT [3,1]
ID:col2_offset [3,5]
ASSIGN [3,17]
INTLITERAL:20 [3,19]
SEMICOL [3,21]
INT [4,1]
ID:col3_offset [4,5]
ASSIGN [4,17]
INTLITERAL:44 [4,19]
SEMICOL [4,21]
INT [5,1]
ID:row_size [5,5]
ASSIGN [5,14]
INTLITERAL:64 [5,16]
SEMICOL [5,18]
FOR [7,1]
LPAREN [7,5]
INT [7,6]
ID:row [7,10]
ASSIGN [7,14]
INTLITERAL:0 [7,16]
SEMICOL [7,17]
ID:row [7,19]
LESS [7,23]
INTLITERAL:43690 [7,25]
SEMICOL [7,30]
ID:row [7,32]
POSTINC [7,35]
RPAREN [7,37]
LCURLY [8,1]
OUT [9,3]
ASSIGN [9,7]
LPAREN [9,9]
ID:row [9,10]
STAR [9,13]
ID:row_size [9,14]
RPAREN [9,22]
CROSS [9,24]
ID:col1_offset [9,26]
SEMICOL [9,37]
OUT [10,3]
ASSIGN [10,7]
LPAREN [10,9]
ID:row [10,10]
STAR [10,13]
ID:row_size [10,14]
RPAREN [10,22]
CROSS [10,24]
ID:col2_offset [10,26]
SEMICOL [10,37]
OUT [11,3]
ASSIGN [11,7]
LPAREN [11,9]
ID:row [11,10]
STAR [11,13]
ID:row_size [11,14]
RPAREN [11,22]
CROSS [11,24]
ID:col3_offset [11,26]
SEMICOL [11,37]
RCURLY [12,1]
EOF [13,1]
